<?xml version="1.0" encoding="UTF-8"?>
<testsuite xmlns:xsi="http://www.w3.org/2001/XMLSchema-instance" xsi:noNamespaceSchemaLocation="https://maven.apache.org/surefire/maven-surefire-plugin/xsd/surefire-test-report-3.0.xsd" version="3.0" name="bank_balance.UnitTest" time="0.161" tests="4" errors="0" skipped="0" failures="0">
  <properties>
[...]
</properties>
  <testcase name="testWithdrawValidAmount" classname="bank_balance.UnitTest" time="0.102">
    <system-err><![CDATA[Feb 07, 2026 3:31:36 PM bank_balance.Program withdraw
INFO: The Amount is successful withdraw in account
Feb 07, 2026 3:31:36 PM bank_balance.Program withdraw
INFO: The current balance is: 300,000
]]></system-err>
  </testcase>
  <testcase name="testWithdrawInsufficientFunds" classname="bank_balance.UnitTest" time="0.005"/>
  <testcase name="testDepositNegativeAmount" classname="bank_balance.UnitTest" time="0.004"/>
  <testcase name="testDepositValidAmount" classname="bank_balance.UnitTest" time="0.005">
    <system-err><![CDATA[Feb 07, 2026 3:31:36 PM bank_balance.Program deposit
INFO: The Amount is successful deposit in account
Feb 07, 2026 3:31:36 PM bank_balance.Program deposit
INFO: The current balance is: 503,000
]]></system-err>
  </testcase>
</testsuite>